  sort.c
  stack.c
  test.c
  正在生成代码...
E:\Code\cpp_Data-Structure\Sort\test.c(1,4): error C2014: 预处理器命令必须作为第一个非空白空间启动
E:\Code\cpp_Data-Structure\Sort\test.c(1,1): error C2054: 在“﻿”之后应输入“(”
E:\Code\cpp_Data-Structure\Sort\test.c(2,6): error C2085: “arrprint”: 不在形参表中
E:\Code\cpp_Data-Structure\Sort\test.c(3,1): error C2143: 语法错误: 缺少“;”(在“{”的前面)
E:\Code\cpp_Data-Structure\Sort\test.c(17,2): warning C4013: “printf”未定义；假设外部返回 int
E:\Code\cpp_Data-Structure\Sort\test.c(18,2): warning C4013: “arrprint”未定义；假设外部返回 int
E:\Code\cpp_Data-Structure\Sort\test.c(33,2): warning C4013: “srand”未定义；假设外部返回 int
E:\Code\cpp_Data-Structure\Sort\test.c(33,8): warning C4013: “time”未定义；假设外部返回 int
E:\Code\cpp_Data-Structure\Sort\test.c(35,18): warning C4013: “malloc”未定义；假设外部返回 int
E:\Code\cpp_Data-Structure\Sort\test.c(35,12): warning C4312: “类型强制转换”: 从“int”转换到更大的“int *”
E:\Code\cpp_Data-Structure\Sort\test.c(36,12): warning C4312: “类型强制转换”: 从“int”转换到更大的“int *”
E:\Code\cpp_Data-Structure\Sort\test.c(37,12): warning C4312: “类型强制转换”: 从“int”转换到更大的“int *”
E:\Code\cpp_Data-Structure\Sort\test.c(38,12): warning C4312: “类型强制转换”: 从“int”转换到更大的“int *”
E:\Code\cpp_Data-Structure\Sort\test.c(39,12): warning C4312: “类型强制转换”: 从“int”转换到更大的“int *”
E:\Code\cpp_Data-Structure\Sort\test.c(40,12): warning C4312: “类型强制转换”: 从“int”转换到更大的“int *”
E:\Code\cpp_Data-Structure\Sort\test.c(41,12): warning C4312: “类型强制转换”: 从“int”转换到更大的“int *”
E:\Code\cpp_Data-Structure\Sort\test.c(44,11): warning C4013: “rand”未定义；假设外部返回 int
E:\Code\cpp_Data-Structure\Sort\test.c(52,15): warning C4013: “clock”未定义；假设外部返回 int
E:\Code\cpp_Data-Structure\Sort\test.c(53,2): warning C4013: “InsertSort”未定义；假设外部返回 int
E:\Code\cpp_Data-Structure\Sort\test.c(57,2): warning C4013: “ShellSort”未定义；假设外部返回 int
E:\Code\cpp_Data-Structure\Sort\test.c(61,2): warning C4013: “SelectSort”未定义；假设外部返回 int
E:\Code\cpp_Data-Structure\Sort\test.c(65,2): warning C4013: “HeapSort”未定义；假设外部返回 int
E:\Code\cpp_Data-Structure\Sort\test.c(69,2): warning C4013: “QuickSort”未定义；假设外部返回 int
E:\Code\cpp_Data-Structure\Sort\test.c(77,2): warning C4013: “BubbleSort”未定义；假设外部返回 int
E:\Code\cpp_Data-Structure\Sort\test.c(86,2): warning C4013: “free”未定义；假设外部返回 int
